<?xml version="1.0" encoding="UTF-8"?>
<!-- Generated by org.testng.reporters.JUnitReportReporter -->
<testsuite name="opal.ViewShoppingCart" tests="3" time="26.893" ignored="0" failures="0" timestamp="16 דצמ 2021 09:49:31 GMT" skipped="0" hostname="h-MacBook-sl-Opal-2.local" errors="0">
  <testcase name="step1" time="8.739" classname="opal.ViewShoppingCart"/>
  <testcase name="step3" time="10.506" classname="opal.ViewShoppingCart"/>
  <testcase name="step2" time="7.648" classname="opal.ViewShoppingCart"/>
</testsuite> <!-- opal.ViewShoppingCart -->
