<?xml version="1.0" encoding="UTF-8"?>
<!-- Generated by org.testng.reporters.JUnitReportReporter -->
<testsuite name="Store.General" tests="9" time="75.619" ignored="0" failures="0" timestamp="24 דצמ 2021 15:17:44 GMT" skipped="0" hostname="h-MacBook-sl-Opal-2.local" errors="0">
  <testcase name="ContactDevelopersStep2" time="8.375" classname="Store.General"/>
  <testcase name="ContactDevelopersStep3" time="9.998" classname="Store.General"/>
  <testcase name="ContactDevelopersStep1" time="8.126" classname="Store.General"/>
  <testcase name="SignUpStep1" time="6.775" classname="Store.General"/>
  <testcase name="tableOfProductStep1" time="8.824" classname="Store.General"/>
  <testcase name="tableOfProductStep2" time="5.669" classname="Store.General"/>
  <testcase name="ProductDescriptionStep1" time="10.600" classname="Store.General"/>
  <testcase name="ProductDescriptionStep2" time="7.509" classname="Store.General"/>
  <testcase name="SignUpStep2" time="9.743" classname="Store.General"/>
</testsuite> <!-- Store.General -->
