<?xml version="1.0" encoding="UTF-8"?>
<!-- Generated by org.testng.reporters.JUnitReportReporter -->
<testsuite name="opal.loginStore" tests="3" time="21.662" ignored="0" failures="0" timestamp="16 דצמ 2021 09:16:14 GMT" skipped="0" hostname="h-MacBook-sl-Opal-2.local" errors="0">
  <testcase name="step1" time="6.975" classname="opal.loginStore"/>
  <testcase name="step3" time="7.927" classname="opal.loginStore"/>
  <testcase name="step2" time="6.760" classname="opal.loginStore"/>
</testsuite> <!-- opal.loginStore -->
