<?xml version="1.0" encoding="UTF-8"?>
<!-- Generated by org.testng.reporters.JUnitReportReporter -->
<testsuite name="Store.SearchGoogleFromExl" tests="1" time="12.169" ignored="0" failures="0" timestamp="23 דצמ 2021 23:23:02 GMT" skipped="0" hostname="h-MacBook-sl-Opal-2.local" errors="0">
  <testcase name="loginStep1" time="12.169" classname="Store.SearchGoogleFromExl"/>
</testsuite> <!-- Store.SearchGoogleFromExl -->
