<?xml version="1.0" encoding="UTF-8"?>
<!-- Generated by org.testng.reporters.JUnitReportReporter -->
<testsuite name="Store.popo" tests="1" time="15.463" ignored="0" failures="0" timestamp="24 דצמ 2021 15:09:34 GMT" skipped="0" hostname="h-MacBook-sl-Opal-2.local" errors="0">
  <testcase name="ViewShoppingCartStep1" time="15.463" classname="Store.popo"/>
</testsuite> <!-- Store.popo -->
