<?xml version="1.0" encoding="UTF-8"?>
<!-- Generated by org.testng.reporters.JUnitReportReporter -->
<testsuite name="opal.googleSearch" tests="1" time="26.257" ignored="0" failures="0" timestamp="16 דצמ 2021 07:56:40 GMT" skipped="0" hostname="h-MacBook-sl-Opal-2.local" errors="0">
  <testcase name="lab2" time="26.257" classname="opal.googleSearch"/>
</testsuite> <!-- opal.googleSearch -->
